59:../cherry/app/app.lua
0 0 1 1 1 1 1 1 1 0 0 0 1 1 1 1 1 0 0 0 1 0 0 1 1 1 1 0 1 1 1 1 0 1 1 0 0 0 0 1 0 0 0 1 1 1 0 0 0 1 1 0 1 1 1 0 0 0 0 
42:../cherry/app/extension-demo.lua
0 0 0 2 0 0 0 2 0 0 0 0 0 0 0 0 0 0 0 0 0 0 0 0 0 0 0 0 0 0 0 0 0 0 0 2 0 2 2 2 2 0 
101:../cherry/app/user.lua
0 0 2 2 0 2 0 0 0 2 0 0 0 0 0 0 0 2 0 0 0 2 0 0 0 0 0 0 0 0 0 0 0 0 2 0 0 0 2 0 0 0 0 0 0 0 0 0 0 0 0 0 0 0 2 0 0 0 2 0 2 0 2 0 0 2 0 0 0 2 0 0 2 0 2 0 2 0 0 0 2 0 2 0 0 0 0 0 2 0 2 0 0 0 2 0 2 0 0 0 0 
133:../cherry/components/Screen.lua
0 0 1 1 1 1 1 0 0 0 1 0 0 0 1 0 0 0 0 0 0 0 0 0 1 0 0 0 1 0 0 0 0 0 0 0 0 0 1 0 0 0 1 0 0 0 0 0 0 0 0 0 0 0 0 0 0 0 0 0 0 0 0 0 0 0 0 0 0 0 0 0 0 0 0 0 0 0 0 0 0 0 0 0 0 0 0 0 0 0 0 0 0 0 0 0 0 0 0 0 0 0 0 0 0 0 0 0 0 1 0 1 0 0 0 0 0 0 0 0 0 0 0 0 0 0 0 0 0 1 0 0 0 
58:../cherry/components/background.lua
0 0 6 0 0 0 6 0 6 0 6 0 6 0 6 0 0 0 0 6 0 0 0 6 0 0 0 0 0 0 0 0 0 0 0 0 0 0 0 0 0 0 0 0 0 0 0 0 0 0 0 0 0 6 0 0 0 0 
80:../cherry/components/banner.lua
0 0 5 5 0 0 0 5 0 0 0 0 0 0 0 0 0 0 0 0 0 0 0 0 0 0 0 0 0 0 0 0 0 0 0 0 0 0 0 5 0 0 0 5 0 0 0 0 0 0 0 0 0 0 0 0 0 0 0 0 0 0 0 0 0 0 0 0 0 0 0 0 0 0 0 5 0 0 0 0 
75:../cherry/components/button.lua
0 0 7 7 0 7 0 0 0 7 0 0 0 0 0 0 0 0 0 0 0 0 0 0 0 0 0 0 0 0 0 0 0 0 0 0 0 0 0 7 0 7 0 0 0 0 0 0 0 0 0 0 0 0 0 0 0 0 0 0 0 0 0 0 0 0 0 0 0 0 7 0 0 0 0 
150:../cherry/components/gui.lua
0 0 1 1 1 0 0 0 1 0 0 0 0 1 0 0 0 0 0 0 0 0 0 0 0 1 0 0 0 1 0 0 0 0 0 0 0 0 0 0 0 0 0 0 0 0 0 0 0 0 1 0 0 0 1 0 0 0 0 0 0 0 0 0 0 0 0 0 0 0 0 1 0 0 0 1 0 0 0 0 0 0 0 0 0 0 0 0 0 0 0 0 0 0 0 0 0 1 0 0 0 1 0 0 0 0 0 0 0 0 0 0 0 1 0 0 0 1 0 0 0 0 0 0 0 0 0 0 0 0 0 0 0 0 0 0 0 0 0 0 0 0 0 0 0 1 0 0 0 0 
34:../cherry/components/icon.lua
0 0 2 0 0 0 2 0 0 0 0 0 0 0 0 0 0 0 0 0 0 0 0 0 0 0 0 0 0 2 0 0 0 0 
73:../cherry/components/panel.lua
0 0 4 0 0 0 4 0 0 0 0 0 0 0 0 0 0 0 0 0 0 4 0 4 0 0 0 0 0 0 0 0 0 0 0 0 0 0 4 0 4 0 0 0 0 0 0 0 0 0 0 0 4 0 4 0 0 0 0 0 0 0 0 0 0 0 0 0 4 0 0 0 0 
192:../cherry/components/progress-bar.lua
0 0 1 1 0 0 0 1 0 0 0 0 0 0 0 0 0 0 0 1 0 0 0 1 0 0 0 0 0 0 0 0 0 0 0 1 0 0 0 0 0 1 0 0 0 0 0 1 0 0 0 0 1 0 0 1 0 0 0 0 0 0 0 0 0 0 0 0 0 0 0 0 0 0 0 0 0 0 0 1 0 1 0 0 0 0 0 0 0 0 0 0 0 0 0 1 0 1 0 0 0 0 0 0 0 0 0 0 0 0 0 0 0 0 0 0 0 0 0 0 0 0 1 0 1 0 0 0 0 0 0 0 0 1 0 0 0 0 0 1 0 1 0 1 0 0 0 0 0 1 0 0 0 0 0 1 0 0 0 1 0 1 0 0 0 0 0 0 0 0 0 0 0 0 0 0 0 0 0 0 0 1 0 0 0 1 0 1 0 0 0 0 
133:../cherry/components/screen.lua
0 0 2 2 2 2 2 0 0 0 2 0 0 0 2 0 0 0 0 0 0 0 0 0 2 0 0 0 2 0 0 0 0 0 0 0 0 0 2 0 0 0 2 0 0 0 0 0 0 0 0 0 0 0 0 0 0 0 0 0 0 0 0 0 0 0 0 0 0 0 0 0 0 0 0 0 0 0 0 0 0 0 0 0 0 0 0 0 0 0 0 0 0 0 0 0 0 0 0 0 0 0 0 0 0 0 0 0 0 2 0 2 0 0 0 0 0 0 0 0 0 0 0 0 0 0 0 0 0 2 0 0 0 
19:../cherry/components/scroller.lua
0 0 0 0 0 0 0 0 0 0 0 0 1 1 0 0 0 0 0 
172:../cherry/engine/effects.lua
0 0 1 1 0 0 1 0 0 0 1 1 0 0 1 1 0 0 0 1 0 1 0 1 0 1 0 1 0 0 0 0 0 0 0 0 0 0 0 1 0 1 0 0 1 0 0 0 1 0 0 0 0 0 1 0 0 0 1 0 0 1 0 0 0 1 0 0 0 0 0 0 0 1 0 0 0 1 0 0 0 0 0 1 0 0 0 1 0 0 0 0 1 0 0 0 1 0 0 0 0 0 1 0 0 0 0 0 1 0 0 0 0 0 0 0 0 0 1 0 0 0 0 0 1 0 0 0 0 0 0 0 0 0 0 0 0 0 0 0 0 0 0 0 0 0 0 0 0 0 0 0 0 0 0 0 0 0 0 0 0 0 0 0 0 0 0 1 0 0 0 0 
219:../cherry/engine/score.lua
0 0 2 2 2 2 2 0 0 0 2 0 0 0 2 0 0 0 2 0 0 0 0 0 2 0 0 0 0 0 0 2 0 2 0 0 0 2 0 2 0 0 0 0 0 0 0 0 0 2 0 0 0 0 0 2 0 0 0 0 0 0 0 0 0 0 0 0 0 0 0 0 0 0 0 0 0 0 0 0 0 0 0 2 0 0 0 2 0 0 0 0 0 0 0 0 0 0 0 2 0 0 0 2 0 0 0 0 0 0 0 0 0 0 0 0 0 0 0 0 0 2 0 0 0 2 0 0 0 0 0 0 0 0 0 2 0 2 0 0 0 0 2 0 0 0 0 0 2 0 2 0 2 0 0 0 0 2 0 2 0 0 0 0 0 0 0 0 0 0 0 0 0 0 0 0 0 0 0 2 0 0 0 2 0 0 0 0 0 0 0 0 0 0 0 0 0 0 0 0 0 0 0 0 0 0 0 0 0 0 0 0 0 0 2 0 0 0 0 
61:../cherry/libs/analytics.lua
0 0 7 0 7 0 0 0 0 0 0 0 0 0 0 0 7 0 0 0 0 0 0 0 0 0 0 0 0 0 0 7 0 0 0 0 0 0 0 0 0 0 0 0 0 0 0 0 0 0 0 0 7 0 0 0 7 7 7 7 0 
60:../cherry/libs/gesture.lua
0 0 11 0 0 0 11 0 0 0 0 0 0 0 0 0 0 0 0 0 0 0 0 0 0 0 11 0 0 0 11 0 0 0 0 0 0 0 0 0 0 0 0 0 0 0 0 11 0 0 0 11 0 0 0 11 0 0 0 0 
51:../cherry/libs/underscore.lua
0 0 0 0 0 0 0 0 0 13 0 0 0 0 0 0 0 0 0 0 0 0 13 0 0 0 0 0 0 0 0 13 0 0 0 0 0 0 0 13 0 0 0 0 0 0 13 0 0 0 0 
715:../cherry/libs/utils.lua
0 0 21 21 21 0 0 0 21 0 0 0 21 0 21 0 0 0 21 0 21 0 0 0 21 0 0 0 0 0 0 21 0 0 0 21 0 0 0 0 0 0 0 0 0 0 0 0 0 0 0 0 0 0 21 0 21 0 0 0 0 0 0 0 0 0 0 0 0 0 21 0 0 0 21 0 0 0 0 0 0 0 0 21 0 21 0 0 0 0 0 0 0 0 0 0 0 0 0 0 0 21 0 21 0 0 0 0 0 0 0 0 0 0 21 0 21 0 0 0 0 0 0 0 0 0 0 0 0 0 0 0 0 0 0 0 0 0 0 0 21 0 0 0 21 0 0 0 0 0 0 0 0 21 0 21 0 0 0 0 0 0 0 0 0 0 0 0 0 21 0 0 0 42 0 21 0 42 0 21 0 0 0 21 0 0 0 0 0 0 0 0 0 0 0 0 0 0 21 0 0 0 21 0 0 0 0 0 0 0 0 0 0 21 0 21 0 0 0 0 0 0 21 0 21 0 0 0 0 0 0 0 21 0 0 0 21 0 0 0 0 0 0 0 0 0 0 0 21 0 0 0 0 0 0 21 0 0 0 0 0 0 0 0 0 0 0 0 0 0 0 0 0 0 0 0 0 0 0 0 0 21 0 0 0 21 0 0 0 0 0 0 0 0 0 0 0 0 0 0 0 0 0 0 0 0 0 0 0 0 0 0 0 0 0 0 0 0 0 0 0 0 0 0 0 0 0 0 0 0 0 0 0 0 21 0 0 0 21 0 0 0 0 0 21 0 21 0 21 0 21 0 0 0 0 0 21 0 21 0 21 0 0 0 0 21 0 21 0 0 0 21 0 0 0 0 0 21 0 21 0 0 0 0 0 0 0 21 0 0 0 21 0 0 21 0 21 0 0 21 0 0 0 21 0 0 21 0 0 0 21 0 0 0 0 0 0 0 0 0 0 0 0 0 0 0 21 0 0 0 0 0 0 0 0 0 0 0 21 0 0 0 21 0 0 0 0 0 0 0 0 0 0 0 0 0 0 0 0 0 0 0 0 0 0 21 0 0 0 21 0 0 0 0 0 0 0 0 0 0 0 0 0 0 0 0 0 21 0 0 0 21 0 0 0 0 0 0 0 0 0 0 0 0 0 0 0 0 0 0 0 0 0 0 21 0 0 0 21 0 0 0 0 0 0 0 0 0 0 0 0 0 0 0 0 21 0 0 0 21 0 0 0 0 0 0 0 0 0 0 21 0 21 0 0 0 0 0 0 0 0 0 0 0 0 21 0 21 0 0 0 0 0 0 0 0 0 21 0 21 0 0 0 0 0 0 0 0 0 0 0 21 0 21 0 0 0 0 0 0 21 0 0 0 21 0 21 0 21 0 0 0 0 0 21 0 0 0 0 0 21 0 0 0 21 0 0 0 21 0 0 0 0 0 0 0 0 0 0 0 0 0 0 0 0 0 0 0 0 0 0 0 0 0 0 0 0 0 0 0 0 0 0 0 0 0 0 0 0 0 0 0 0 0 21 0 0 0 21 0 0 0 0 0 0 0 0 0 0 0 0 0 0 0 0 0 0 0 0 0 0 0 0 0 0 0 0 0 0 0 21 0 0 0 0 
155:../cherry/libs/vector2D.lua
22 0 22 0 0 0 22 0 22 0 22 0 22 0 22 0 22 0 0 0 0 0 0 22 0 22 0 0 0 0 0 0 0 22 0 22 0 0 0 0 0 22 0 22 0 0 22 0 22 0 0 22 0 22 0 0 22 0 22 0 0 22 0 22 0 22 0 22 0 22 0 22 0 0 22 0 0 0 22 0 0 0 0 0 0 0 0 0 22 0 22 0 0 0 0 0 0 0 0 0 0 0 22 0 22 0 0 0 0 22 0 22 0 0 0 0 22 0 22 0 0 0 0 0 22 0 22 0 0 0 0 0 22 0 22 0 0 0 0 0 22 0 22 0 0 0 0 0 22 0 22 0 22 0 0 
2:.////loader.lua
1 1 
59:./app/app.lua
0 0 1 1 1 1 1 1 1 0 0 0 1 1 1 1 1 0 0 0 1 0 0 1 1 1 1 0 1 1 1 1 0 1 1 0 0 0 0 1 0 0 0 1 1 1 0 0 0 1 1 0 1 1 1 0 0 0 0 
42:./app/extension-demo.lua
0 0 0 1 0 0 0 1 0 0 0 0 0 0 0 0 0 0 0 0 0 0 0 0 0 0 0 0 0 0 0 0 0 0 0 1 0 1 1 1 1 0 
3:./app/router.lua
0 0 0 
101:./app/user.lua
0 0 1 1 0 1 0 0 0 1 0 0 0 0 0 0 0 1 0 0 0 1 0 0 0 0 0 0 0 0 0 0 0 0 1 0 0 0 1 0 0 0 0 0 0 0 0 0 0 0 0 0 0 0 1 0 0 0 1 0 1 0 1 0 0 1 0 0 0 1 0 0 1 0 1 0 1 0 0 0 1 0 1 0 0 0 0 0 1 0 1 0 0 0 1 0 1 0 0 0 0 
58:./components/background.lua
0 0 29 0 0 0 29 16 45 0 29 16 45 0 29 64 32 32 0 61 0 0 0 29 56 56 56 0 56 0 56 0 64 32 32 32 32 64 0 64 32 32 32 32 64 0 32 32 32 32 32 0 32 29 0 0 0 11 
80:./components/banner.lua
0 0 29 18 0 0 0 18 17 17 0 17 14 0 28 14 14 14 0 14 0 14 14 14 14 0 14 0 28 14 14 14 14 14 14 14 14 0 14 18 0 0 0 18 17 17 0 17 14 0 28 14 14 14 0 14 0 14 14 14 14 0 14 0 28 14 14 14 14 14 14 14 14 0 14 18 0 0 0 9 
75:./components/button.lua
0 0 1 1 0 1 0 0 0 1 0 0 0 0 0 0 0 0 0 0 0 0 0 0 0 0 0 0 0 0 0 0 0 0 0 0 0 0 0 1 0 1 0 0 0 0 0 0 0 0 0 0 0 0 0 0 0 0 0 0 0 0 0 0 0 0 0 0 0 0 1 0 0 0 0 
8:./components/chapters.lua
0 0 1 1 1 1 1 0 
456:./components/cooldown.lua
0 0 0 0 0 1 0 0 0 0 1 1 1 1 0 0 0 0 1 1 0 0 0 0 1 1 0 0 0 0 0 1 0 0 0 0 0 0 0 0 0 0 0 0 0 0 0 0 0 0 0 0 0 0 0 0 1 0 0 0 1 0 0 0 0 0 0 0 0 0 0 0 0 0 0 0 0 0 0 0 0 0 0 0 0 0 0 0 1 0 0 0 1 0 0 0 0 0 0 0 1 0 0 0 0 0 0 0 0 0 1 0 0 0 0 0 0 0 0 0 0 0 0 0 0 0 1 0 0 0 0 0 1 0 0 0 0 0 0 1 0 0 0 1 0 0 0 0 0 0 0 0 0 0 0 0 0 0 0 0 0 0 0 0 0 0 0 0 0 0 0 0 0 0 0 0 0 0 0 0 0 0 0 0 0 0 0 0 0 0 0 0 0 0 0 0 0 0 0 0 0 0 0 0 0 0 0 0 0 0 0 0 0 0 0 0 0 0 0 0 0 0 0 0 0 0 0 0 0 0 0 0 0 0 0 0 0 0 0 0 0 0 0 0 0 0 0 0 0 0 0 0 0 0 0 0 0 0 0 0 0 0 0 0 0 0 0 0 0 0 0 0 0 1 0 0 0 0 0 0 0 0 0 0 0 0 0 0 0 1 0 0 0 0 0 0 0 0 0 0 0 0 0 0 0 0 0 0 0 0 0 0 0 0 0 0 0 0 0 0 0 0 0 0 0 0 1 0 0 0 0 0 0 0 1 0 0 0 0 0 0 0 0 0 0 1 0 0 0 0 0 0 1 0 0 0 0 0 0 0 0 0 0 0 0 0 0 0 0 1 0 0 0 1 0 0 0 0 1 0 0 0 0 0 1 0 0 0 0 1 0 0 0 1 0 0 0 0 0 0 0 0 0 0 0 0 0 0 0 0 0 0 0 0 0 0 0 0 0 1 0 0 0 1 0 0 0 0 0 0 0 0 0 0 0 0 0 0 0 0 0 0 0 0 0 0 0 0 0 0 0 1 0 0 0 0 
208:./components/focus.lua
0 1 1 1 0 0 0 0 0 0 0 0 0 0 0 0 0 0 0 0 0 0 0 0 0 0 0 0 0 0 0 0 1 0 0 0 0 0 0 0 0 0 0 0 0 0 0 0 0 0 0 0 0 0 0 0 0 0 0 0 0 0 1 0 0 0 0 0 0 0 0 0 0 0 0 0 0 0 0 0 0 0 0 0 0 0 0 0 0 0 0 0 0 0 0 0 0 0 0 0 0 0 0 0 0 0 0 0 0 0 0 0 0 0 0 0 0 0 0 0 0 0 0 0 0 0 0 0 0 0 0 0 0 0 0 0 0 0 0 0 0 0 0 0 0 0 0 0 0 0 0 0 0 0 0 0 0 0 0 0 0 0 0 0 0 0 0 0 0 0 0 0 0 0 0 0 0 0 0 0 0 0 0 0 0 0 0 0 0 0 0 0 0 0 0 0 0 0 0 0 0 0 0 0 0 0 0 0 
150:./components/gui.lua
0 0 1 1 1 0 0 0 1 0 0 0 0 1 0 0 0 0 0 0 0 0 0 0 0 1 0 0 0 1 0 0 0 0 0 0 0 0 0 0 0 0 0 0 0 0 0 0 0 0 1 0 0 0 1 0 0 0 0 0 0 0 0 0 0 0 0 0 0 0 0 1 0 0 0 1 0 0 0 0 0 0 0 0 0 0 0 0 0 0 0 0 0 0 0 0 0 1 0 0 0 1 0 0 0 0 0 0 0 0 0 0 0 1 0 0 0 1 0 0 0 0 0 0 0 0 0 0 0 0 0 0 0 0 0 0 0 0 0 0 0 0 0 0 0 1 0 0 0 0 
34:./components/icon.lua
0 0 1 0 0 0 1 0 0 0 0 0 0 0 0 0 0 0 0 0 0 0 0 0 0 0 0 0 0 1 0 0 0 0 
223:./components/level.lua
0 0 1 1 1 1 1 0 0 0 1 0 0 0 1 0 0 0 0 0 0 0 0 1 0 0 0 0 0 0 0 0 0 0 0 0 0 0 0 1 0 0 0 0 0 0 0 0 1 0 1 0 0 0 0 0 0 0 1 0 1 0 0 0 0 0 0 0 0 0 0 0 0 1 0 0 0 1 0 0 0 0 0 0 0 0 0 0 1 0 0 0 1 0 0 0 0 0 0 0 0 0 1 0 0 0 1 0 0 0 0 0 0 0 0 0 0 0 0 0 0 0 1 0 0 0 1 0 0 0 0 0 0 0 0 0 0 0 0 0 0 0 0 0 0 0 0 0 1 0 1 0 0 0 1 0 0 0 1 0 0 0 0 0 0 0 0 0 0 0 0 0 0 0 0 0 0 0 0 0 0 0 0 0 0 0 0 0 0 1 0 1 0 0 0 0 0 1 0 0 0 1 0 0 0 0 0 0 0 0 0 0 0 0 0 0 0 0 1 0 0 0 0 
13:./components/options.lua
0 0 1 1 1 0 0 0 1 0 0 0 0 
73:./components/panel.lua
0 0 1 0 0 0 1 0 0 0 0 0 0 0 0 0 0 0 0 0 0 1 0 1 0 0 0 0 0 0 0 0 0 0 0 0 0 0 1 0 1 0 0 0 0 0 0 0 0 0 0 0 1 0 1 0 0 0 0 0 0 0 0 0 0 0 0 0 1 0 0 0 0 
43:./components/profile.lua
0 0 1 1 1 0 0 0 1 0 0 0 1 0 0 0 0 1 0 0 0 1 0 0 0 0 0 0 0 0 0 0 0 0 0 0 0 0 1 0 0 0 0 
192:./components/progress-bar.lua
0 0 1 1 0 0 0 1 0 0 0 0 0 0 0 0 0 0 0 1 0 0 0 1 0 0 0 0 0 0 0 0 0 0 0 1 0 0 0 0 0 1 0 0 0 0 0 1 0 0 0 0 1 0 0 1 0 0 0 0 0 0 0 0 0 0 0 0 0 0 0 0 0 0 0 0 0 0 0 1 0 1 0 0 0 0 0 0 0 0 0 0 0 0 0 1 0 1 0 0 0 0 0 0 0 0 0 0 0 0 0 0 0 0 0 0 0 0 0 0 0 0 1 0 1 0 0 0 0 0 0 0 0 1 0 0 0 0 0 1 0 1 0 1 0 0 0 0 0 1 0 0 0 0 0 1 0 0 0 1 0 1 0 0 0 0 0 0 0 0 0 0 0 0 0 0 0 0 0 0 0 1 0 0 0 1 0 1 0 0 0 0 
133:./components/screen.lua
0 0 1 1 1 1 1 0 0 0 1 0 0 0 1 0 0 0 0 0 0 0 0 0 1 0 0 0 1 0 0 0 0 0 0 0 0 0 1 0 0 0 1 0 0 0 0 0 0 0 0 0 0 0 0 0 0 0 0 0 0 0 0 0 0 0 0 0 0 0 0 0 0 0 0 0 0 0 0 0 0 0 0 0 0 0 0 0 0 0 0 0 0 0 0 0 0 0 0 0 0 0 0 0 0 0 0 0 0 1 0 1 0 0 0 0 0 0 0 0 0 0 0 0 0 0 0 0 0 1 0 0 0 
19:./components/scroller.lua
0 0 0 0 0 0 0 0 0 0 0 0 1 1 0 0 0 0 0 
88:./components/text.lua
0 0 1 1 1 0 0 0 1 0 0 0 0 1 0 0 0 0 0 0 0 0 0 0 0 0 0 0 0 0 0 0 0 0 0 0 0 0 0 0 0 0 0 0 0 0 0 1 0 0 0 1 0 0 0 0 0 0 0 0 0 0 0 0 0 0 0 0 0 0 0 0 0 0 0 0 1 0 0 0 1 0 0 1 0 0 0 0 
8:./engine/camera.lua
0 0 1 1 0 1 1 0 
172:./engine/effects.lua
0 0 1 1 0 0 1 0 0 0 1 1 0 0 1 1 0 0 0 1 0 1 0 1 0 1 0 1 0 0 0 0 0 0 0 0 0 0 0 1 0 1 0 0 1 0 0 0 1 0 0 0 0 0 1 0 0 0 1 0 0 1 0 0 0 1 0 0 0 0 0 0 0 1 0 0 0 1 0 0 0 0 0 1 0 0 0 1 0 0 0 0 1 0 0 0 1 0 0 0 0 0 1 0 0 0 0 0 1 0 0 0 0 0 0 0 0 0 1 0 0 0 0 0 1 0 0 0 0 0 0 0 0 0 0 0 0 0 0 0 0 0 0 0 0 0 0 0 0 0 0 0 0 0 0 0 0 0 0 0 0 0 0 0 0 0 0 1 0 0 0 0 
10:./engine/game.lua
0 0 1 1 1 1 0 0 0 0 
219:./engine/score.lua
0 0 1 1 1 1 1 0 0 0 1 0 0 0 1 0 0 0 1 0 0 0 0 0 1 0 0 0 0 0 0 1 0 1 0 0 0 1 0 1 0 0 0 0 0 0 0 0 0 1 0 0 0 0 0 1 0 0 0 0 0 0 0 0 0 0 0 0 0 0 0 0 0 0 0 0 0 0 0 0 0 0 0 1 0 0 0 1 0 0 0 0 0 0 0 0 0 0 0 1 0 0 0 1 0 0 0 0 0 0 0 0 0 0 0 0 0 0 0 0 0 1 0 0 0 1 0 0 0 0 0 0 0 0 0 1 0 1 0 0 0 0 1 0 0 0 0 0 1 0 1 0 1 0 0 0 0 1 0 1 0 0 0 0 0 0 0 0 0 0 0 0 0 0 0 0 0 0 0 1 0 0 0 1 0 0 0 0 0 0 0 0 0 0 0 0 0 0 0 0 0 0 0 0 0 0 0 0 0 0 0 0 0 0 1 0 0 0 0 
12:./engine/sound.lua
0 0 1 1 1 1 0 0 0 0 1 0 
61:./libs/analytics.lua
0 0 1 0 1 0 0 0 0 0 0 0 0 0 0 0 1 0 0 0 0 0 0 0 0 0 0 0 0 0 0 1 0 0 0 0 0 0 0 0 0 0 0 0 0 0 0 0 0 0 0 0 1 0 0 0 1 1 1 1 0 
1:./libs/centroid.lua
0 
60:./libs/gesture.lua
0 0 27 0 0 0 27 13 0 0 13 0 0 13 10 10 10 0 13 13 0 13 0 0 0 13 40 0 0 0 27 0 0 0 0 0 0 0 0 0 0 0 0 0 0 0 0 27 0 0 0 27 0 0 0 27 0 0 0 10 
503:./libs/ludash.lua
0 0 0 0 0 0 0 0 0 0 0 0 0 0 0 0 0 0 0 0 0 0 0 0 1 1 0 0 0 0 1 0 3 1 53 52 52 1 0 60 58 0 0 4 0 1 0 0 0 0 0 0 0 0 0 0 0 0 0 0 0 1 0 1 0 0 0 0 0 0 0 0 0 0 0 0 0 0 0 0 0 1 0 1 0 0 0 0 0 0 0 0 0 0 0 1 0 1 0 0 0 0 0 0 0 0 0 0 0 0 0 0 0 0 1 0 1 0 1 0 1 0 0 0 0 0 1 0 1 0 0 0 0 0 0 0 0 0 0 0 0 1 0 1 0 0 0 0 0 0 0 0 0 0 0 0 0 1 0 1 0 0 0 1 0 1 0 0 0 0 0 0 0 0 0 0 0 0 0 0 0 1 0 1 1 1 1 0 1 0 0 0 0 0 0 0 0 0 0 0 0 0 0 0 0 0 1 0 0 0 0 1 0 0 0 0 0 0 0 0 1 0 1 0 0 0 0 0 0 0 0 0 0 0 0 0 0 1 0 1 0 0 0 0 0 1 0 1 1 1 2 6 0 0 6 0 7 1 1 0 1 0 0 0 0 1 0 0 0 0 1 0 0 0 0 1 0 1 0 0 0 0 1 0 1 4 1 0 1 0 1 0 1 0 1 0 1 0 1 0 1 52 1 0 1 0 1 0 1 0 1 0 1 0 1 0 1 0 0 0 0 0 0 0 0 0 1 0 1 0 0 0 0 0 0 0 0 0 0 0 0 0 0 0 0 0 0 0 0 0 0 0 0 0 0 0 0 1 0 0 0 0 1 0 1 0 1 1 0 0 0 0 0 0 0 0 0 0 0 0 0 1 0 1 0 0 0 0 0 1 0 1 0 0 0 0 0 0 0 0 0 0 1 0 1 1 1 0 2 52 52 0 53 0 1 0 0 0 0 0 0 0 0 0 0 1 1 0 1 1 1 1 1 1 1 1 1 0 1 0 0 0 0 1 1 1 1 1 1 1 1 1 1 1 1 1 1 1 1 0 0 0 0 1 0 1 0 1 2 52 52 0 0 0 0 0 0 0 0 52 53 0 2 0 0 0 0 0 0 0 0 0 0 0 0 0 0 0 0 1 0 0 0 
137:./libs/text.lua
0 0 4 0 0 0 2 0 2 0 0 0 0 0 0 0 0 0 0 0 0 0 0 0 0 2 0 4 0 2 0 0 0 0 0 0 0 0 0 0 0 2 0 4 4 6 8 4 8 0 4 0 0 0 0 0 0 0 0 0 0 0 0 0 0 0 0 0 0 0 0 0 4 0 8 2 4 2 0 2 0 2 0 0 0 0 0 0 0 0 0 0 0 0 0 0 0 0 0 0 0 0 0 0 2 0 0 0 1 0 0 0 0 0 0 0 0 0 0 0 0 0 0 0 0 0 0 0 0 0 0 0 0 0 0 0 1 
51:./libs/underscore.lua
0 0 0 0 0 0 0 0 0 1 0 0 0 0 0 0 0 0 0 0 0 0 1 0 0 0 0 0 0 0 0 1 0 0 0 0 0 0 0 1 0 0 0 0 0 0 1 0 0 0 0 
716:./libs/utils.lua
0 0 13 12 1 11 0 0 1 11 0 0 1 11 1 11 0 0 1 11 1 11 0 0 1 11 0 0 0 0 0 1 11 0 0 1 11 0 0 0 0 0 0 0 0 0 0 0 0 0 0 0 0 0 1 11 1 11 0 0 0 0 0 0 0 0 0 0 0 0 1 11 0 0 1 11 0 0 0 0 0 0 0 1 11 1 11 0 0 0 0 0 0 0 0 0 0 0 0 0 0 1 11 1 11 0 0 0 0 0 0 0 0 0 1 11 1 11 0 0 0 0 0 0 0 0 0 0 0 0 0 0 0 0 0 0 0 0 0 0 1 11 0 0 1 11 0 0 0 0 0 0 0 1 11 1 11 0 0 0 0 0 0 0 0 0 0 0 0 1 11 0 0 2 22 1 11 2 22 1 11 0 0 1 11 0 0 0 0 0 0 0 0 0 0 0 0 0 1 11 0 0 1 11 0 0 0 0 0 0 0 0 0 1 11 1 11 0 0 0 0 0 1 11 1 11 0 0 0 0 0 0 1 11 0 0 1 11 0 0 0 0 0 0 0 0 0 0 1 11 0 0 0 0 0 1 11 0 0 0 0 0 0 0 0 0 0 0 0 0 0 0 0 0 0 0 0 0 0 0 0 1 11 0 0 1 11 0 0 0 0 0 0 0 0 0 0 0 0 0 0 0 0 0 0 0 0 0 0 0 0 0 0 0 0 0 0 0 0 0 0 0 0 0 0 0 0 0 0 0 0 0 0 0 1 11 0 0 1 11 0 0 0 0 1 11 1 11 1 11 1 11 0 0 0 0 1 11 1 11 1 11 0 0 0 1 11 1 11 0 0 1 11 0 0 0 0 1 11 1 11 0 0 0 0 0 0 1 11 0 0 1 11 0 1 11 1 11 0 1 11 0 0 1 11 0 1 11 0 0 1 11 0 0 0 0 0 0 0 0 0 0 0 0 0 0 1 11 0 0 0 0 0 0 0 0 0 0 1 11 0 0 1 11 0 0 0 0 0 0 0 0 0 0 0 0 0 0 0 0 0 0 0 0 0 1 11 0 0 1 11 0 0 0 0 0 0 0 0 0 0 0 0 0 0 0 0 1 11 0 0 1 11 0 0 0 0 0 0 0 0 0 0 0 0 0 0 0 0 0 0 0 0 0 1 11 0 0 1 11 0 0 0 0 0 0 0 0 0 0 0 0 0 0 0 1 11 0 0 1 11 0 0 0 0 0 0 0 0 0 1 11 1 11 0 0 0 0 0 0 0 0 0 0 0 1 11 1 11 0 0 0 0 0 0 0 0 1 11 1 11 0 0 0 0 0 0 0 0 0 0 1 11 1 11 0 0 0 0 0 1 11 0 0 1 11 1 11 1 11 0 0 0 0 1 11 0 0 0 0 1 11 0 0 1 11 0 0 1 11 0 0 0 0 0 0 0 0 0 0 0 0 0 0 0 0 0 0 0 0 0 0 0 0 0 0 0 0 0 0 0 0 0 0 0 0 0 0 0 0 0 0 0 0 1 11 0 0 1 11 20 20 20 0 20 0 0 0 0 0 0 0 0 0 0 0 0 0 0 0 0 0 0 0 0 0 0 0 20 0 21 11 0 0 1 5 
155:./libs/vector2D.lua
12 0 12 0 0 0 12 0 12 0 12 0 12 0 12 0 12 0 0 0 0 0 0 12 0 12 0 0 0 0 0 0 0 12 0 12 0 0 0 0 0 12 0 12 0 0 12 0 12 0 0 12 0 12 0 0 12 0 12 0 0 12 0 12 0 12 0 12 0 12 0 12 0 0 12 0 0 0 12 0 0 0 0 0 0 0 0 0 12 0 12 0 0 0 0 0 0 0 0 0 0 0 12 0 12 0 0 0 0 12 0 12 0 0 0 0 12 0 12 0 0 0 0 0 12 0 12 0 0 0 0 0 12 0 12 0 0 0 0 0 12 0 12 0 0 0 0 0 12 0 12 0 12 0 5 
2:./lua
0 0 
6:./screens/headphones.lua
0 0 1 1 1 0 
3:./screens/playground.lua
0 0 0 
5:./test/_global.lua
57 28 16 16 33 
6:./test/mocks/app.lua
45 45 32 0 0 22 
307:./test/mocks/display.lua
0 0 0 0 0 0 0 0 0 0 0 0 0 0 0 0 0 45 0 0 193 193 193 193 193 193 193 193 193 193 193 193 193 193 193 193 193 193 193 193 193 193 193 193 0 0 193 193 0 193 193 0 193 193 193 193 193 193 193 193 0 0 193 193 193 225 0 0 0 0 193 0 0 0 193 0 13 13 206 0 0 0 0 0 0 0 193 0 13 13 13 0 26 13 0 206 0 193 193 0 0 577 0 0 577 0 577 0 577 577 0 193 0 1153 92 0 0 92 92 0 0 0 0 0 0 0 0 0 1061 92 0 0 92 92 0 0 0 0 0 0 0 0 0 969 105 0 0 105 0 0 0 0 0 0 0 0 864 105 0 0 105 0 0 0 0 0 0 0 0 759 0 0 1153 1346 0 193 0 193 45 0 45 45 0 0 10 55 0 45 0 0 0 0 0 0 45 0 88 88 0 28 28 116 0 0 0 0 0 0 0 0 0 0 0 88 0 0 0 0 0 0 88 0 0 0 0 0 0 0 0 0 0 0 0 0 88 0 0 0 0 0 0 0 0 0 0 0 0 0 88 88 45 0 13 13 13 13 45 0 92 92 92 92 45 0 0 0 0 0 0 0 0 0 0 45 0 0 0 0 0 0 0 0 0 0 0 0 45 45 55 45 45 45 45 45 45 45 45 45 45 45 45 45 45 45 45 0 23 
7:./test/mocks/transition.lua
45 0 96 64 0 77 23 
24:./test/spec/components/background.lua
29 0 56 56 28 0 16 16 16 16 16 44 0 56 28 16 0 16 16 0 16 16 44 33 
29:./test/spec/components/banner.lua
29 0 34 34 34 31 17 17 0 0 14 14 14 14 31 0 34 34 31 17 17 0 0 14 14 14 14 31 27 
17:./test/spec/libs/gesture.lua
29 0 52 52 26 23 0 13 0 26 13 13 0 0 13 36 30 
163:/usr/local/share/lua/5.2/busted/block.lua
0 0 0 0 0 0 0 0 0 0 0 0 0 0 0 30 30 0 30 1972 0 1972 2002 0 30 116 116 2088 1972 1856 0 0 146 0 0 0 0 0 0 30 0 30 348 0 348 232 232 0 0 0 0 348 171 0 348 348 177 0 0 171 171 0 0 0 0 0 0 171 0 171 30 0 30 661 0 661 232 232 0 0 0 0 661 0 661 661 0 0 0 0 0 661 30 0 30 832 832 0 832 832 0 0 0 0 0 0 832 232 0 0 0 832 30 0 30 116 30 0 30 313 171 171 0 343 0 30 313 30 0 30 313 30 0 30 337 0 337 337 337 0 0 0 0 337 0 337 283 0 0 283 0 0 0 283 283 0 0 283 283 0 367 0 12 
38:/usr/local/share/lua/5.2/busted/compatibility.lua
0 0 116 116 116 0 0 206 206 206 0 116 0 0 0 238 238 238 0 0 238 238 238 0 238 238 238 0 0 238 0 0 0 0 0 0 20 3 
124:/usr/local/share/lua/5.2/busted/context.lua
0 0 0 266 10976 10710 0 266 266 266 266 266 0 0 0 238 9856 9618 0 24376 24138 0 238 0 0 0 0 0 0 0 0 0 0 0 0 0 0 0 28 28 84 56 56 0 28 56 0 28 0 0 28 28 0 56 0 28 0 0 453 453 238 215 0 215 28 0 453 453 0 0 453 453 28 0 453 238 0 453 0 0 3931 0 0 0 0 0 0 0 0 0 0 0 0 0 0 0 0 0 453 453 453 453 0 0 343 0 0 0 11604 0 0 0 1872 1872 1872 1872 1872 0 0 1872 1872 1872 1872 724 
315:/usr/local/share/lua/5.2/busted/core.lua
0 0 0 0 0 0 0 0 0 0 3 0 0 0 0 0 0 0 0 0 0 0 0 0 0 0 100 100 3 97 0 0 97 0 0 0 103 0 0 0 238 0 0 0 0 0 0 0 0 0 0 0 0 0 0 0 0 0 0 0 0 0 0 0 0 0 0 0 0 315 315 0 315 315 360 318 45 45 0 0 315 315 0 315 315 0 0 0 100 100 100 100 0 100 100 0 0 0 0 0 100 0 0 0 1550 0 0 0 930 0 0 0 0 0 0 0 415 0 507 507 183 183 183 183 183 183 0 0 324 232 232 232 232 232 0 0 92 0 0 0 0 0 0 3 3 3 3 3 3 0 0 0 0 0 0 0 0 0 0 0 0 0 0 0 0 0 238 0 238 0 238 0 0 1872 1872 1872 0 3744 100 100 100 3844 0 1872 100 0 0 0 100 0 0 0 0 0 0 0 0 0 0 0 100 0 1872 0 1872 1872 0 0 0 966 966 966 483 483 483 483 483 483 0 1932 966 1932 966 0 0 0 0 0 0 0 0 0 0 0 0 0 0 0 0 0 0 0 0 0 0 0 0 0 0 0 0 0 0 0 0 0 0 0 453 0 0 0 0 453 0 453 453 215 0 0 0 453 906 0 453 453 0 0 0 0 0 0 453 453 453 453 453 453 453 453 453 453 453 453 0 0 453 0 453 199 0 254 0 453 0 0 0 313 766 453 453 906 453 0 129 
31:/usr/local/share/lua/5.2/busted/environment.lua
0 0 0 0 0 0 0 10806 0 10324 7987 10324 0 0 0 0 0 0 0 0 2819 0 0 0 0 0 0 0 0 0 84 
72:/usr/local/share/lua/5.2/busted/execute.lua
30 30 30 0 0 0 0 0 0 0 0 0 30 0 0 30 0 0 30 30 0 0 0 0 0 0 0 0 0 0 0 0 0 0 0 0 0 0 30 0 60 30 0 0 0 0 0 30 0 0 30 0 0 0 30 30 30 30 0 30 30 0 30 0 30 0 0 0 60 0 30 12 
127:/usr/local/share/lua/5.2/busted/init.lua
0 0 0 0 238 238 238 0 238 238 0 0 99 99 99 0 99 99 0 0 116 116 0 116 0 0 0 0 116 0 116 116 116 0 116 0 116 116 116 116 116 0 0 0 0 0 0 116 0 0 116 116 0 0 0 0 0 0 0 0 0 0 0 0 0 0 0 0 0 0 0 0 0 0 0 0 0 0 0 0 0 0 0 0 0 0 0 0 0 0 0 0 0 0 0 0 0 0 0 0 0 0 0 0 0 0 0 0 0 0 0 0 0 0 0 0 0 0 0 0 0 0 0 0 0 0 320 
49:/usr/local/share/lua/5.2/busted/languages/en.lua
30 0 30 0 0 30 30 30 30 0 30 30 30 30 0 30 30 30 30 0 30 30 30 30 0 30 0 30 0 0 30 30 30 30 30 30 30 30 30 0 30 30 30 30 30 30 0 30 12 
23:/usr/local/share/lua/5.2/busted/modules/files/lua.lua
30 0 30 0 0 315 315 315 30 0 0 238 30 0 0 238 238 0 0 238 30 0 12 
107:/usr/local/share/lua/5.2/busted/modules/files/moonscript.lua
30 0 60 30 30 0 30 0 0 0 0 0 0 0 0 0 0 30 0 0 0 0 0 0 0 0 0 0 0 0 30 0 0 0 0 0 30 0 0 0 0 0 0 0 0 0 0 0 0 0 0 0 0 0 0 0 0 0 0 0 0 0 0 0 0 0 30 0 30 0 0 0 0 0 0 0 0 0 0 0 30 0 0 0 0 0 0 0 0 0 0 0 30 0 0 0 30 0 0 0 0 0 0 0 30 0 12 
103:/usr/local/share/lua/5.2/busted/modules/filter_loader.lua
0 0 0 116 116 0 232 232 116 116 0 0 116 30 0 0 0 0 30 0 0 215 0 0 0 0 215 30 0 0 116 116 0 0 0 0 116 30 0 0 215 0 0 0 0 215 30 0 0 116 0 0 0 0 116 30 0 0 0 0 0 0 0 0 0 30 0 0 0 30 0 0 0 30 0 0 240 420 300 0 0 270 0 30 0 0 0 0 0 0 0 0 30 30 30 30 0 0 30 30 30 30 12 
32:/usr/local/share/lua/5.2/busted/modules/output_handler_loader.lua
0 0 0 0 0 30 0 60 30 0 30 0 0 30 0 60 0 30 0 0 0 30 0 0 0 0 30 0 0 0 30 12 
100:/usr/local/share/lua/5.2/busted/modules/test_file_loader.lua
30 0 0 30 30 30 30 0 90 60 60 0 0 0 30 0 30 0 30 29 29 0 58 1387 1387 0 0 0 0 2506 1387 268 0 0 1119 58 0 58 268 0 0 268 0 58 0 1 0 0 30 30 30 0 0 30 60 30 0 30 30 0 0 0 238 238 238 0 0 30 0 0 30 0 268 238 0 238 476 238 238 238 238 0 0 238 0 0 0 30 1 1 0 0 1 0 0 30 30 0 30 12 
179:/usr/local/share/lua/5.2/busted/outputHandlers/base.lua
0 30 30 30 30 30 30 30 30 30 30 30 0 0 0 348 30 0 0 30 30 0 30 0 0 0 30 30 30 30 30 30 30 30 30 30 60 0 0 171 171 0 329 286 0 158 158 0 0 171 30 0 0 0 171 1699 1528 1230 0 0 171 171 0 171 171 171 171 171 171 171 0 171 0 171 30 0 0 30 0 0 0 30 30 0 0 30 30 30 30 0 0 0 0 0 0 0 0 0 0 0 0 0 30 0 0 30 30 30 30 0 0 116 116 30 0 0 116 0 116 70 70 46 0 0 46 0 3 3 43 0 43 43 0 0 70 0 70 70 70 0 0 0 70 0 0 70 0 70 30 0 0 0 0 0 0 30 0 0 3 3 30 0 0 43 43 43 30 0 0 101 55 55 0 0 101 30 0 30 12 
187:/usr/local/share/lua/5.2/busted/outputHandlers/utfTerminal.lua
30 30 0 30 0 30 0 0 0 30 0 0 0 30 30 0 30 30 30 30 0 0 0 0 0 0 0 0 0 0 0 0 0 0 0 0 30 0 0 101 101 101 0 0 0 0 0 0 101 30 0 0 101 101 98 0 0 101 1 2 2 0 100 100 100 200 100 0 0 101 0 0 0 101 30 0 0 30 30 30 30 0 30 30 30 30 30 0 30 14 16 0 0 0 30 27 3 3 0 0 30 30 0 0 0 0 30 13 17 2 0 0 30 0 30 30 30 30 30 30 0 0 116 116 0 116 0 116 3 113 43 0 0 116 116 0 0 116 30 0 0 30 30 30 0 30 30 0 0 30 30 0 30 0 0 0 0 33 3 3 0 0 128 98 98 0 0 30 30 0 0 54 54 0 54 30 0 30 30 30 30 30 30 30 0 30 12 
185:/usr/local/share/lua/5.2/busted/runner.lua
0 0 0 0 0 0 0 0 0 0 0 0 0 0 0 0 0 0 0 0 0 0 0 0 0 0 0 0 0 0 0 0 0 0 0 0 0 0 0 0 0 0 0 0 0 0 0 0 0 0 0 0 0 0 0 0 0 0 0 0 0 31 0 0 0 0 31 0 0 0 0 0 31 31 0 0 30 30 0 0 0 30 30 0 0 0 0 0 30 30 30 0 60 0 0 30 0 60 0 0 30 0 60 98 98 98 30 0 60 3 3 0 0 0 3 3 30 0 0 30 30 30 0 0 60 30 30 30 30 30 30 30 0 0 0 60 30 30 30 30 30 30 0 0 0 30 0 0 0 0 0 0 0 0 30 30 30 60 30 30 30 0 0 0 30 0 0 0 0 0 0 30 30 60 30 30 30 0 0 30 0 30 20 0 9 
42:/usr/local/share/lua/5.2/busted/status.lua
0 2104 2104 2104 2104 2104 2104 2104 2104 0 2104 0 0 0 1988 1988 3291 1988 1988 1988 0 0 0 1988 0 0 0 1988 0 0 0 116 116 116 0 2104 0 0 3976 1988 2220 774 
24:/usr/local/share/lua/5.2/busted/utils.lua
0 0 0 0 0 0 0 0 0 0 0 0 0 0 0 30 30 30 30 30 150 120 0 12 
713:/usr/local/share/lua/5.2/dkjson.lua
0 33 33 33 0 0 0 0 0 0 0 0 0 0 0 0 0 0 0 0 0 0 0 0 0 0 0 0 0 0 0 0 0 0 0 0 0 0 0 0 0 0 0 0 0 33 33 33 0 33 33 33 33 0 33 0 33 0 0 0 33 0 66 0 0 33 33 66 0 66 33 33 0 0 0 0 0 0 0 0 0 0 0 0 0 0 0 0 0 0 0 0 0 0 0 33 0 33 33 33 0 0 0 0 0 0 0 0 0 0 0 0 0 0 0 0 0 0 0 0 0 0 0 0 0 0 0 0 0 0 33 0 0 0 0 0 0 0 0 0 0 33 0 0 0 0 0 0 0 0 0 0 0 0 0 0 0 33 33 0 0 0 0 0 0 0 0 33 0 0 33 0 0 33 0 33 66 0 33 0 0 0 33 0 0 0 0 0 0 0 0 33 0 0 0 0 0 0 33 0 33 0 0 0 0 33 0 33 0 0 0 0 0 0 0 0 0 0 0 0 0 0 0 0 33 0 0 0 0 0 0 0 0 33 0 0 0 0 0 0 0 0 0 0 0 0 33 0 33 0 33 0 0 0 0 0 0 0 0 0 0 0 0 0 0 0 0 0 0 0 0 0 0 0 0 0 0 0 0 0 0 0 0 0 0 0 0 0 0 0 0 0 0 0 0 0 0 0 0 0 0 0 0 0 0 0 0 0 0 0 0 0 0 0 0 0 0 0 0 0 0 0 0 0 0 0 0 0 0 0 0 0 0 0 0 0 0 0 0 0 0 0 0 0 0 0 0 0 0 0 0 0 0 33 0 33 0 0 0 0 0 0 0 0 0 0 0 0 0 0 0 0 0 33 0 0 0 0 0 0 0 0 0 0 0 0 0 0 33 0 0 0 33 0 0 0 0 0 0 0 0 0 0 0 0 0 0 0 0 0 0 0 0 33 0 33 33 33 0 0 0 0 0 0 0 0 0 0 0 0 0 0 0 0 0 0 0 0 0 0 33 0 0 0 0 0 0 0 0 0 0 0 0 0 0 0 0 0 0 0 0 0 0 0 0 0 0 0 0 0 0 0 0 0 0 0 0 0 0 0 0 0 0 0 0 0 0 0 0 0 0 0 0 0 0 0 0 0 0 0 0 33 0 33 0 0 0 0 0 0 0 0 0 0 0 0 0 0 0 0 0 0 0 0 0 0 0 0 0 0 0 0 0 0 0 0 0 0 0 0 0 0 0 0 0 0 0 0 33 0 0 0 0 0 0 0 0 0 0 0 0 0 0 0 0 0 0 0 0 0 0 0 0 0 0 0 0 0 0 0 0 0 0 0 33 0 0 0 0 0 0 0 33 0 33 0 0 33 0 33 33 0 0 0 0 0 0 0 0 0 0 0 0 0 0 0 0 0 0 0 0 0 0 0 0 0 0 0 0 0 0 0 0 0 0 0 0 0 0 0 0 0 0 0 0 0 0 0 0 0 0 0 0 0 0 0 0 0 0 0 0 0 0 0 0 0 0 0 0 0 0 0 0 0 0 0 0 0 0 0 0 0 0 0 0 0 0 0 0 0 0 0 0 0 0 0 0 0 0 0 0 0 0 0 0 0 33 0 33 33 0 0 5 
214:/usr/local/share/lua/5.2/luarocks/loader.lua
0 0 0 0 0 0 0 0 0 0 0 0 0 0 0 0 0 0 0 0 0 0 0 0 0 0 0 0 0 0 0 0 0 0 0 0 0 0 0 0 0 0 0 0 0 0 0 0 0 0 0 0 0 0 0 0 302 302 0 0 0 0 0 0 0 0 0 0 0 0 0 0 0 0 0 0 0 0 0 0 0 0 0 0 0 0 0 0 0 0 0 0 0 0 0 0 0 0 0 0 0 0 0 0 0 0 0 0 0 0 0 0 0 0 906 906 604 604 302 0 0 0 0 0 0 0 0 0 0 0 0 0 0 0 0 0 0 0 0 0 0 671 0 0 0 671 1040 671 671 302 302 302 302 0 0 302 302 302 0 0 0 0 0 0 0 369 0 0 0 0 369 0 0 0 0 0 0 0 0 0 0 1342 302 0 0 302 302 671 0 0 0 0 0 0 0 0 0 0 0 0 0 0 0 0 0 0 0 0 671 671 369 0 302 113 
258:/usr/local/share/lua/5.2/luarocks/path.lua
0 0 0 0 0 0 0 0 0 0 0 0 0 0 0 0 0 0 0 0 0 0 0 0 0 0 0 0 0 0 0 0 0 0 0 0 0 0 0 0 0 0 0 0 0 0 0 0 0 0 0 0 0 0 0 0 0 0 0 0 0 0 0 0 0 0 0 0 0 0 0 0 0 0 0 0 0 0 0 0 0 0 0 0 0 0 0 0 0 0 0 0 0 0 0 0 0 0 0 0 0 0 0 0 0 0 0 0 0 0 0 0 0 0 0 0 0 0 0 0 0 0 0 0 0 0 0 0 0 0 0 0 0 0 0 0 0 0 0 0 0 0 0 0 0 0 0 0 0 0 0 0 0 0 0 0 0 0 0 0 0 0 0 0 0 0 0 0 0 0 0 0 0 0 0 0 0 0 0 0 0 0 0 0 0 0 0 0 0 0 0 0 0 0 0 0 0 0 0 0 0 0 0 0 0 0 0 0 0 0 0 0 0 0 0 0 0 0 0 0 0 0 0 0 0 0 0 0 0 0 0 0 0 0 0 0 0 0 0 0 302 0 302 302 302 302 302 0 0 0 0 0 0 0 0 302 302 113 
162:/usr/local/share/lua/5.2/luassert/assert.lua
0 0 0 0 0 0 0 0 0 0 3 0 3 0 0 3 3 0 0 3 0 0 0 0 0 266 0 266 0 785 519 0 0 266 759 506 253 0 0 0 253 253 253 0 253 3 3 0 0 3 3 0 0 250 0 0 250 0 13 13 13 0 26 13 13 0 0 0 0 13 0 0 0 1038 519 0 0 519 0 0 0 0 253 0 0 0 0 0 0 0 0 0 0 0 0 0 0 0 0 0 0 0 0 0 0 0 0 0 0 0 0 0 0 0 0 0 0 0 0 0 3 3 9 6 0 0 0 0 0 0 3 0 0 0 0 0 0 0 0 0 0 0 13 13 0 0 0 0 0 0 0 0 0 240 0 0 0 240 0 0 0 169 
120:/usr/local/share/lua/5.2/luassert/assertions.lua
0 0 0 0 0 0 0 0 0 0 0 0 0 0 0 0 0 0 240 0 0 240 0 0 0 0 0 0 0 0 0 0 0 0 0 0 0 0 0 0 0 0 0 0 0 0 0 0 0 0 0 0 0 0 0 0 0 0 0 0 0 0 0 0 0 0 0 0 0 0 0 0 0 0 0 0 0 0 0 0 0 0 0 0 0 0 0 0 0 0 0 0 0 0 0 0 0 0 0 0 0 0 0 0 0 0 0 0 0 0 0 0 240 240 240 240 0 240 240 160 
65:/usr/local/share/lua/5.2/luassert/match.lua
0 0 0 0 0 0 0 0 0 0 0 0 0 0 0 0 0 0 0 0 0 0 0 0 0 0 0 0 0 0 0 0 0 0 0 0 0 0 0 0 0 0 0 0 0 0 0 0 0 0 0 0 0 0 0 0 0 0 0 0 0 0 0 0 18 
5:/usr/local/share/lua/5.2/luassert/modifiers.lua
0 0 0 0 169 
129:/usr/local/share/lua/5.2/luassert/spy.lua
0 0 0 0 0 0 0 10 10 10 0 10 10 10 10 10 10 0 0 0 0 0 0 13 0 0 26 13 13 13 0 13 13 0 0 0 0 0 0 0 0 0 13 0 0 0 0 0 13 0 0 13 26 13 0 0 0 13 0 0 0 13 0 0 0 13 13 13 13 0 0 0 20 0 0 0 0 0 0 0 0 0 0 0 0 0 0 13 13 0 0 13 0 0 0 0 0 0 0 0 0 0 0 0 0 0 0 0 0 0 0 0 0 0 13 13 13 0 0 0 13 13 13 13 13 13 13 13 9 
124:/usr/local/share/lua/5.2/luassert/state.lua
0 0 0 0 0 0 0 0 0 0 0 0 0 0 0 0 0 0 0 0 0 0 0 0 0 0 0 0 0 0 0 0 0 0 0 0 0 0 0 0 0 0 0 0 0 0 0 0 0 0 0 0 0 0 0 0 0 0 0 0 0 0 0 0 0 0 0 0 0 0 0 0 0 0 0 0 0 0 0 0 0 0 0 0 0 0 0 0 0 0 0 0 0 0 0 0 0 0 0 0 0 0 0 0 0 0 0 0 0 0 0 0 0 0 0 0 0 0 0 0 0 0 13 9 
283:/usr/local/share/lua/5.2/luassert/util.lua
0 0 0 0 0 0 0 0 0 0 0 0 0 0 0 0 0 0 0 0 0 0 0 0 0 0 0 0 0 0 0 0 0 0 0 0 0 0 0 0 0 0 0 0 0 0 0 0 0 0 0 0 0 0 0 0 0 0 20 20 40 20 0 20 0 0 0 20 20 0 0 0 0 0 0 0 0 0 0 0 0 0 0 0 0 0 0 0 0 0 0 0 20 20 20 40 20 0 20 0 0 0 0 0 0 0 0 0 0 0 0 0 0 0 0 0 0 0 0 0 0 0 0 0 0 0 0 0 0 0 0 0 0 0 0 0 0 0 0 0 0 0 0 0 0 0 0 0 0 0 0 0 0 253 253 253 253 253 253 0 0 0 0 253 253 0 253 0 0 0 0 0 493 240 0 0 253 253 0 0 0 0 0 0 0 0 0 240 240 0 240 0 0 0 0 0 240 0 480 240 0 0 240 240 240 0 0 0 0 0 0 0 0 0 13 0 0 0 0 0 0 0 0 3 0 0 0 0 0 0 0 0 269 269 269 269 538 269 269 269 0 269 269 0 0 0 0 0 0 0 0 266 0 0 266 266 266 785 519 519 0 0 519 519 0 0 0 0 0 0 519 519 519 0 519 0 0 0 266 0 0 0 178 
154:/usr/local/share/lua/5.2/mediator.lua
0 930 0 0 0 930 930 930 930 0 0 0 0 0 930 0 930 930 0 0 0 0 0 744 744 744 744 744 744 0 0 930 930 0 930 0 930 600 600 0 450 0 0 930 0 930 744 0 0 0 0 0 0 0 0 0 0 0 0 744 0 0 0 0 0 0 0 0 744 0 0 744 744 744 0 0 0 744 0 0 4779 744 0 0 0 0 0 0 0 0 0 0 0 744 0 0 5145 1885 0 0 1885 0 1885 0 1885 1885 0 0 0 3260 2163 0 1097 0 744 744 0 0 0 0 0 0 0 0 0 0 0 0 0 0 0 2480 0 7259 4779 0 0 2480 0 0 0 930 0 0 0 0 0 0 0 0 0 0 0 570 
565:/usr/local/share/lua/5.2/pl/List.lua
0 0 0 0 0 0 0 0 0 0 0 0 0 0 0 0 0 0 0 0 29 29 29 29 29 29 29 0 29 29 0 0 29 29 0 29 0 29 0 0 0 0 0 0 0 0 29 0 0 0 29 0 29 0 29 0 29 0 0 0 0 0 0 29 0 0 0 0 0 0 0 0 0 0 0 0 29 0 0 0 0 29 0 0 0 29 0 0 0 0 29 0 0 29 0 29 0 0 0 0 0 29 0 0 0 29 0 0 0 0 0 0 29 0 0 0 29 0 0 0 0 29 0 29 0 0 0 0 0 29 0 0 0 29 0 0 0 0 0 0 0 29 0 0 0 0 29 0 0 0 0 0 0 29 0 0 0 29 0 29 0 0 0 0 0 0 0 0 29 29 0 0 0 0 29 0 29 0 0 0 0 29 0 0 0 0 0 29 0 0 0 0 29 0 0 0 29 0 0 0 0 29 0 29 0 0 0 29 0 0 0 0 0 0 0 29 0 0 0 0 29 0 0 0 0 0 0 0 29 0 0 0 0 0 0 0 0 29 0 29 0 0 0 29 0 0 29 0 29 0 0 0 0 0 0 0 0 0 0 0 29 0 0 0 0 0 0 0 0 0 0 0 0 0 0 0 29 0 0 29 0 29 0 0 0 0 0 0 0 0 29 0 29 0 0 0 0 0 0 0 29 0 0 0 0 0 0 0 0 29 0 0 0 0 0 0 29 0 0 0 0 0 0 29 0 0 0 0 0 29 0 0 0 0 29 0 0 0 0 0 29 0 0 0 0 0 29 0 0 0 0 0 29 0 0 0 29 0 0 0 0 0 0 29 0 0 0 0 0 0 0 29 0 0 0 0 29 0 29 0 0 0 0 29 0 0 0 0 29 0 0 0 0 0 29 0 0 0 0 29 0 0 0 0 0 29 0 0 0 0 0 29 0 29 0 0 0 0 0 0 29 0 0 29 0 0 0 0 0 0 0 0 29 0 29 0 0 0 0 0 0 29 0 0 29 0 0 0 0 0 0 0 0 29 0 29 0 0 0 0 0 0 0 29 0 0 0 0 0 0 0 29 0 0 0 0 0 29 0 29 0 0 0 0 0 0 0 0 0 0 0 29 0 29 0 0 0 0 0 29 0 29 0 0 0 0 0 0 0 0 29 0 0 0 0 0 0 0 0 0 0 29 0 0 29 0 29 0 0 0 0 0 0 0 29 0 0 0 0 0 0 0 0 0 0 0 0 0 0 0 0 0 0 0 0 0 0 0 0 0 0 29 29 0 12 
214:/usr/local/share/lua/5.2/pl/class.lua
0 0 0 0 0 0 0 0 0 0 0 0 0 0 0 0 0 0 0 0 0 0 0 0 0 0 0 0 0 0 0 0 0 0 0 0 0 0 0 0 0 0 0 0 0 0 0 0 0 0 0 0 0 0 0 0 0 0 0 0 0 0 0 0 0 0 0 0 0 0 0 0 0 0 0 0 0 0 0 0 0 0 0 0 0 0 0 0 0 0 0 0 0 0 0 0 0 0 0 0 0 0 0 0 0 0 0 0 0 0 0 0 0 0 0 0 0 0 0 0 0 0 0 0 29 0 29 29 0 0 0 29 0 0 29 0 0 0 0 0 0 29 0 0 0 29 29 29 29 0 0 29 0 0 0 0 0 0 0 0 0 0 0 0 0 0 0 0 0 0 0 0 0 0 0 0 0 0 29 0 0 0 0 0 0 0 0 29 29 29 29 29 0 29 29 0 0 29 0 0 0 0 0 0 0 0 0 0 0 0 0 0 0 12 
471:/usr/local/share/lua/5.2/pl/dir.lua
0 0 0 0 0 0 0 30 30 30 30 30 30 30 30 30 30 30 30 30 0 30 0 0 29 30 0 0 29 59 0 0 1387 1387 30 0 0 0 0 0 0 0 0 0 0 30 0 0 0 30 0 0 0 0 0 0 30 0 0 0 0 0 0 0 0 30 0 0 0 0 0 0 0 0 0 0 0 0 0 0 30 0 0 0 0 0 0 30 0 0 0 0 0 0 0 0 0 0 30 0 0 0 0 0 30 0 0 30 0 30 0 0 0 0 0 0 0 0 0 0 0 0 0 0 30 0 0 0 0 0 0 0 0 0 0 0 0 0 0 0 0 0 0 0 0 0 0 0 0 0 0 0 0 0 0 0 0 0 0 0 0 0 0 0 0 0 0 0 0 0 0 0 0 0 0 0 0 0 0 0 0 0 30 0 0 0 30 0 0 0 0 0 0 0 0 0 0 0 0 0 0 0 0 0 0 0 0 0 0 0 0 0 0 0 0 0 0 0 0 0 0 0 0 0 0 0 0 30 0 0 0 0 0 0 0 30 0 0 0 0 30 0 0 0 0 0 0 30 0 0 0 30 0 0 0 0 0 0 0 0 0 0 0 0 0 0 0 0 30 0 0 0 0 0 0 0 0 0 30 0 0 0 0 0 0 0 0 0 0 0 0 0 0 30 0 0 0 0 0 0 0 0 30 0 0 0 0 0 0 30 0 0 0 0 0 0 0 0 0 0 0 30 0 30 30 0 0 30 0 0 30 30 0 0 0 0 0 0 0 0 0 0 0 0 30 0 0 0 0 0 0 30 0 0 30 0 0 0 0 0 0 0 0 0 0 0 0 0 0 30 0 0 0 0 0 0 0 0 0 0 0 0 0 0 0 0 0 0 0 0 0 0 0 0 0 0 0 0 0 0 0 0 0 0 0 0 0 0 0 0 0 30 0 0 0 0 0 30 29 29 29 0 29 29 1 0 0 0 3078 2648 1788 1788 1788 1788 1788 401 0 0 0 0 459 0 58 30 0 0 0 0 0 0 0 0 30 29 29 0 29 29 1817 1788 1387 1387 1387 0 0 0 0 29 30 0 12 
274:/usr/local/share/lua/5.2/pl/path.lua
0 0 0 0 0 0 0 0 0 0 0 0 0 0 0 0 0 0 0 0 0 0 0 0 0 0 0 0 0 0 0 0 0 0 0 0 0 0 0 0 0 0 0 0 0 0 0 0 0 0 0 0 0 0 1847 1847 0 0 1847 0 0 0 0 0 30 30 0 0 0 0 0 0 0 0 0 0 0 0 0 0 0 0 0 0 0 0 0 0 0 0 1788 1788 0 0 0 0 0 0 0 0 0 0 0 0 0 0 0 0 0 0 0 0 0 0 0 0 49955 0 0 0 0 0 0 0 0 0 0 0 0 0 0 0 0 0 0 0 0 0 0 0 0 0 0 0 0 0 0 0 2020 2020 2020 49003 46983 46983 0 2020 0 0 2020 0 0 0 0 0 0 0 0 0 0 0 0 0 0 0 0 0 0 0 0 0 0 0 0 0 0 0 238 238 238 952 714 0 0 714 714 0 238 0 0 238 0 0 0 0 0 0 633 633 633 0 0 0 0 0 1387 1387 1387 0 0 0 0 0 238 238 238 0 0 0 0 0 0 0 0 0 0 0 0 0 0 0 0 0 0 0 0 0 0 0 0 0 0 0 0 0 0 0 0 0 0 0 0 0 0 0 0 0 0 0 0 2774 2774 0 0 264 
820:/usr/local/share/lua/5.2/pl/tablex.lua
0 0 0 0 0 0 0 0 0 0 0 0 0 0 0 0 0 0 0 0 0 58 58 0 0 0 0 0 0 0 0 0 0 0 0 0 0 0 58 0 0 58 0 0 296 0 0 296 0 0 0 0 0 0 0 0 0 0 0 0 0 0 0 0 0 0 0 0 0 0 0 0 0 0 0 0 0 0 0 0 0 0 0 0 0 0 0 0 0 296 296 27204 26908 0 296 0 0 0 0 0 0 0 0 0 0 0 0 0 0 0 0 0 0 0 0 0 0 0 0 0 0 0 0 0 0 0 0 0 0 0 0 0 0 0 0 0 0 0 0 0 0 0 0 0 0 0 0 0 0 0 0 0 0 0 0 0 0 0 0 0 0 0 0 0 0 0 0 0 0 0 0 0 0 0 0 0 0 0 0 0 0 0 0 0 0 0 0 0 0 0 0 0 0 0 0 0 0 0 0 0 0 0 0 0 0 0 0 0 0 0 0 0 0 0 0 0 0 0 0 0 0 0 0 0 0 0 0 0 0 0 0 0 0 0 0 0 0 0 0 0 0 0 0 0 0 0 0 0 0 0 0 0 0 0 0 0 0 0 0 0 0 0 0 0 0 0 0 0 0 0 0 0 0 0 0 0 0 0 0 0 0 0 0 0 0 0 0 0 0 0 0 0 0 0 0 0 0 0 0 0 0 0 0 0 0 0 0 0 0 0 0 0 0 0 0 0 0 0 0 0 0 0 0 0 0 0 0 0 0 0 0 0 0 0 0 0 0 0 0 0 0 0 0 0 0 0 0 0 0 0 0 0 0 0 0 0 0 0 0 0 0 0 0 0 0 0 0 0 0 0 0 0 0 0 0 0 0 0 0 0 0 0 0 0 0 0 0 0 0 0 0 0 0 0 0 0 0 0 0 0 0 0 0 0 0 0 0 0 0 0 0 0 0 0 0 0 0 0 0 0 0 0 0 0 0 0 0 0 0 0 0 0 0 0 0 0 0 0 0 0 0 0 0 0 0 0 0 0 0 0 0 0 0 0 0 0 0 0 0 0 0 0 0 0 0 0 0 0 0 0 0 0 0 0 0 0 0 0 0 0 0 0 0 0 0 0 0 0 0 0 0 0 0 0 0 0 0 0 0 0 0 0 0 0 0 0 0 0 0 0 0 0 0 0 0 0 0 0 0 0 0 0 0 0 0 0 0 0 0 0 0 0 0 0 0 0 0 0 0 0 0 0 0 0 0 0 0 0 0 0 0 0 0 0 0 0 0 0 0 0 0 0 0 0 0 0 0 0 0 0 0 0 0 0 0 0 0 0 0 0 0 0 0 0 0 0 0 0 0 0 0 0 0 0 0 0 0 0 0 0 0 0 0 0 0 0 0 0 0 0 0 0 0 0 0 0 0 0 0 0 0 0 0 0 0 0 0 0 0 0 0 0 0 0 0 0 0 0 0 0 0 0 0 0 0 0 0 0 0 0 0 0 0 0 0 58 58 58 1713 1655 1655 506 506 0 0 58 0 0 0 0 0 0 0 0 0 0 0 0 0 0 0 0 0 0 0 0 0 0 0 0 0 0 0 0 0 0 0 0 0 0 0 0 0 0 0 0 0 0 0 0 0 0 0 0 0 0 0 0 0 0 0 0 0 0 0 0 0 0 0 0 0 0 0 0 0 0 0 0 0 0 0 0 0 0 0 0 0 0 0 0 0 0 0 0 0 0 0 0 0 0 0 0 0 0 0 0 0 0 0 0 0 0 0 0 0 0 0 0 0 0 0 0 0 0 0 0 0 0 0 0 0 0 0 0 0 0 0 0 0 0 0 0 0 30 30 30 30 0 0 0 30 29 0 0 29 267 238 0 0 12 
83:/usr/local/share/lua/5.2/pl/types.lua
0 0 0 0 0 0 0 0 0 0 0 0 0 0 0 0 0 0 0 0 0 0 0 0 0 0 0 0 0 0 0 0 0 0 0 0 0 0 0 0 0 0 0 0 0 0 0 0 0 0 0 0 0 0 0 0 0 0 0 0 0 0 0 0 0 0 354 0 0 0 0 0 0 58 58 0 0 0 0 0 0 296 107 
441:/usr/local/share/lua/5.2/pl/utils.lua
0 0 0 0 0 0 0 0 0 0 0 0 0 0 0 0 0 0 0 0 0 0 0 0 0 0 0 0 0 0 0 0 0 0 0 0 0 0 0 0 0 0 0 0 0 0 0 0 0 0 0 0 0 0 0 0 0 0 0 0 0 0 0 0 0 0 0 0 0 0 0 0 0 0 0 0 0 0 0 0 0 0 0 0 0 0 0 0 0 0 0 0 0 0 0 0 0 0 0 0 0 1387 1387 0 0 0 0 0 0 0 0 0 0 0 0 0 0 0 0 0 0 0 0 0 0 0 0 0 0 0 0 0 0 0 0 0 0 0 0 0 0 0 0 0 0 0 0 0 0 0 0 0 0 0 0 0 0 0 0 0 0 0 0 0 0 0 0 0 0 0 0 0 0 0 0 0 0 0 0 0 0 0 0 0 0 0 0 0 0 0 0 0 0 0 0 0 0 0 0 0 0 0 0 0 0 0 0 0 0 0 0 0 0 0 0 0 0 0 0 0 0 0 0 0 0 0 0 0 0 0 0 0 0 0 0 0 0 0 0 0 0 0 0 0 0 0 0 0 0 0 0 0 0 0 0 0 0 0 0 0 0 0 0 0 0 0 0 0 0 0 0 0 0 0 0 0 0 0 0 0 0 0 0 0 0 0 0 0 0 0 0 0 0 0 0 0 0 0 0 0 0 0 0 0 0 0 0 0 0 0 0 0 0 0 0 0 0 0 0 0 0 0 0 0 0 0 0 0 0 0 0 0 0 0 0 0 0 0 0 0 0 0 0 0 0 0 0 0 0 0 0 0 0 0 0 0 0 0 0 0 0 0 0 58 58 58 0 0 0 0 0 0 0 0 0 0 0 0 0 0 0 0 0 0 0 0 0 0 0 0 0 0 0 0 0 0 0 0 0 0 0 0 0 0 0 0 0 0 0 0 0 0 0 0 0 0 0 0 0 0 0 0 0 0 0 0 12459 0 0 12459 0 0 12459 0 0 0 0 0 0 12342 1624 
48:/usr/local/share/lua/5.2/say/init.lua
0 0 0 0 0 0 0 0 0 0 0 0 0 30 30 0 0 30 0 0 0 0 0 0 0 0 0 540 540 0 0 0 0 682 0 682 0 682 0 0 682 682 0 1408 726 0 0 272 
39:/usr/local/share/lua/5.2/term/colors.lua
0 0 0 0 0 0 0 0 0 0 0 0 0 0 0 0 0 0 0 0 0 0 0 0 0 0 0 0 0 0 1542 0 0 0 1542 0 0 0 153 
